<?xml version="1.0" encoding="UTF-8"?>
<testng-results skipped="0" failed="0" ignored="0" total="2" passed="2">
  <reporter-output>
  </reporter-output>
  <suite name="All Test Suite" duration-ms="32401" started-at="2021-07-22T11:40:51 ICT" finished-at="2021-07-22T11:41:24 ICT">
    <groups>
    </groups>
    <test name="Android" duration-ms="32401" started-at="2021-07-22T11:40:51 ICT" finished-at="2021-07-22T11:41:24 ICT">
      <class name="com.qa.tests.ProductTests2">
        <test-method status="PASS" signature="beforeSuite()[pri:0, instance:com.qa.tests.ProductTests2@6dde5c8c]" name="beforeSuite" is-config="true" duration-ms="4519" started-at="2021-07-22T11:40:47 ICT" finished-at="2021-07-22T11:40:51 ICT">
          <reporter-output>
          </reporter-output>
        </test-method> <!-- beforeSuite -->
        <test-method status="PASS" signature="beforeTest(java.lang.String,java.lang.String,java.lang.String)[pri:0, instance:com.qa.tests.ProductTests2@6dde5c8c]" name="beforeTest" is-config="true" duration-ms="22561" started-at="2021-07-22T11:40:51 ICT" finished-at="2021-07-22T11:41:14 ICT">
          <params>
            <param index="0">
              <value>
                <![CDATA[Android]]>
              </value>
            </param>
            <param index="1">
              <value>
                <![CDATA[10.0]]>
              </value>
            </param>
            <param index="2">
              <value>
                <![CDATA[samsung .*]]>
              </value>
            </param>
          </params>
          <reporter-output>
          </reporter-output>
        </test-method> <!-- beforeTest -->
        <test-method status="PASS" signature="validateProductOnProductDetailsPage()[pri:0, instance:com.qa.tests.ProductTests2@6dde5c8c]" name="validateProductOnProductDetailsPage" duration-ms="5352" started-at="2021-07-22T11:41:14 ICT" finished-at="2021-07-22T11:41:19 ICT">
          <reporter-output>
          </reporter-output>
        </test-method> <!-- validateProductOnProductDetailsPage -->
        <test-method status="PASS" signature="validateProductOnProductsPage()[pri:0, instance:com.qa.tests.ProductTests2@6dde5c8c]" name="validateProductOnProductsPage" duration-ms="3842" started-at="2021-07-22T11:41:19 ICT" finished-at="2021-07-22T11:41:23 ICT">
          <reporter-output>
          </reporter-output>
        </test-method> <!-- validateProductOnProductsPage -->
        <test-method status="PASS" signature="afterTest()[pri:0, instance:com.qa.tests.ProductTests2@6dde5c8c]" name="afterTest" is-config="true" duration-ms="626" started-at="2021-07-22T11:41:23 ICT" finished-at="2021-07-22T11:41:24 ICT">
          <reporter-output>
          </reporter-output>
        </test-method> <!-- afterTest -->
        <test-method status="PASS" signature="afterSuite()[pri:0, instance:com.qa.tests.ProductTests2@6dde5c8c]" name="afterSuite" is-config="true" duration-ms="54" started-at="2021-07-22T11:41:24 ICT" finished-at="2021-07-22T11:41:24 ICT">
          <reporter-output>
          </reporter-output>
        </test-method> <!-- afterSuite -->
      </class> <!-- com.qa.tests.ProductTests2 -->
    </test> <!-- Android -->
  </suite> <!-- All Test Suite -->
</testng-results>
